<?xml version="1.0" encoding="UTF-8" ?>
<testsuite tests="2" failures="0" name="wefun.CategoryDAOTest" time="0.002" errors="2" skipped="0">
  <properties>
[...]
</properties>
  <testcase classname="wefun.CategoryDAOTest" name="add" time="0.001">
    <error message="javax/servlet/http/HttpServletRequest" type="java.lang.NoClassDefFoundError">java.lang.NoClassDefFoundError: javax/servlet/http/HttpServletRequest
	at java.lang.Class.getDeclaredMethods0(Native Method)
	at java.lang.Class.privateGetDeclaredMethods(Unknown Source)
	at java.lang.Class.getDeclaredMethods(Unknown Source)
	at org.springframework.util.ReflectionUtils.getDeclaredMethods(ReflectionUtils.java:612)
	at org.springframework.util.ReflectionUtils.doWithMethods(ReflectionUtils.java:524)
	at org.springframework.util.ReflectionUtils.doWithMethods(ReflectionUtils.java:510)
	at org.springframework.beans.factory.annotation.AutowiredAnnotationBeanPostProcessor.determineCandidateConstructors(AutowiredAnnotationBeanPostProcessor.java:243)
	at org.springframework.beans.factory.support.AbstractAutowireCapableBeanFactory.determineConstructorsFromBeanPostProcessors(AbstractAutowireCapableBeanFactory.java:1074)
	at org.springframework.beans.factory.support.AbstractAutowireCapableBeanFactory.createBeanInstance(AbstractAutowireCapableBeanFactory.java:1047)
	at org.springframework.beans.factory.support.AbstractAutowireCapableBeanFactory.doCreateBean(AbstractAutowireCapableBeanFactory.java:510)
	at org.springframework.beans.factory.support.AbstractAutowireCapableBeanFactory.createBean(AbstractAutowireCapableBeanFactory.java:482)
	at org.springframework.beans.factory.support.AbstractBeanFactory$1.getObject(AbstractBeanFactory.java:306)
	at org.springframework.beans.factory.support.DefaultSingletonBeanRegistry.getSingleton(DefaultSingletonBeanRegistry.java:230)
	at org.springframework.beans.factory.support.AbstractBeanFactory.doGetBean(AbstractBeanFactory.java:302)
	at org.springframework.beans.factory.support.AbstractBeanFactory.getBean(AbstractBeanFactory.java:197)
	at org.springframework.beans.factory.support.DefaultListableBeanFactory.preInstantiateSingletons(DefaultListableBeanFactory.java:751)
	at org.springframework.context.support.AbstractApplicationContext.finishBeanFactoryInitialization(AbstractApplicationContext.java:861)
	at org.springframework.context.support.AbstractApplicationContext.refresh(AbstractApplicationContext.java:541)
	at org.springframework.test.context.support.AbstractGenericContextLoader.loadContext(AbstractGenericContextLoader.java:128)
	at org.springframework.test.context.support.AbstractGenericContextLoader.loadContext(AbstractGenericContextLoader.java:60)
	at org.springframework.test.context.support.AbstractDelegatingSmartContextLoader.delegateLoading(AbstractDelegatingSmartContextLoader.java:108)
	at org.springframework.test.context.support.AbstractDelegatingSmartContextLoader.loadContext(AbstractDelegatingSmartContextLoader.java:251)
	at org.springframework.test.context.cache.DefaultCacheAwareContextLoaderDelegate.loadContextInternal(DefaultCacheAwareContextLoaderDelegate.java:98)
	at org.springframework.test.context.cache.DefaultCacheAwareContextLoaderDelegate.loadContext(DefaultCacheAwareContextLoaderDelegate.java:116)
	at org.springframework.test.context.support.DefaultTestContext.getApplicationContext(DefaultTestContext.java:83)
	at org.springframework.test.context.support.DependencyInjectionTestExecutionListener.injectDependencies(DependencyInjectionTestExecutionListener.java:117)
	at org.springframework.test.context.support.DependencyInjectionTestExecutionListener.prepareTestInstance(DependencyInjectionTestExecutionListener.java:83)
	at org.springframework.test.context.TestContextManager.prepareTestInstance(TestContextManager.java:230)
	at org.springframework.test.context.junit4.SpringJUnit4ClassRunner.createTest(SpringJUnit4ClassRunner.java:228)
	at org.springframework.test.context.junit4.SpringJUnit4ClassRunner$1.runReflectiveCall(SpringJUnit4ClassRunner.java:287)
	at org.junit.internal.runners.model.ReflectiveCallable.run(ReflectiveCallable.java:12)
	at org.springframework.test.context.junit4.SpringJUnit4ClassRunner.methodBlock(SpringJUnit4ClassRunner.java:289)
	at org.springframework.test.context.junit4.SpringJUnit4ClassRunner.runChild(SpringJUnit4ClassRunner.java:247)
	at org.springframework.test.context.junit4.SpringJUnit4ClassRunner.runChild(SpringJUnit4ClassRunner.java:94)
	at org.junit.runners.ParentRunner$3.run(ParentRunner.java:290)
	at org.junit.runners.ParentRunner$1.schedule(ParentRunner.java:71)
	at org.junit.runners.ParentRunner.runChildren(ParentRunner.java:288)
	at org.junit.runners.ParentRunner.access$000(ParentRunner.java:58)
	at org.junit.runners.ParentRunner$2.evaluate(ParentRunner.java:268)
	at org.springframework.test.context.junit4.statements.RunBeforeTestClassCallbacks.evaluate(RunBeforeTestClassCallbacks.java:61)
	at org.springframework.test.context.junit4.statements.RunAfterTestClassCallbacks.evaluate(RunAfterTestClassCallbacks.java:70)
	at org.junit.runners.ParentRunner.run(ParentRunner.java:363)
	at org.springframework.test.context.junit4.SpringJUnit4ClassRunner.run(SpringJUnit4ClassRunner.java:191)
	at org.apache.maven.surefire.junit4.JUnit4Provider.execute(JUnit4Provider.java:252)
	at org.apache.maven.surefire.junit4.JUnit4Provider.executeTestSet(JUnit4Provider.java:141)
	at org.apache.maven.surefire.junit4.JUnit4Provider.invoke(JUnit4Provider.java:112)
	at sun.reflect.NativeMethodAccessorImpl.invoke0(Native Method)
	at sun.reflect.NativeMethodAccessorImpl.invoke(Unknown Source)
	at sun.reflect.DelegatingMethodAccessorImpl.invoke(Unknown Source)
	at java.lang.reflect.Method.invoke(Unknown Source)
	at org.apache.maven.surefire.util.ReflectionUtils.invokeMethodWithArray(ReflectionUtils.java:189)
	at org.apache.maven.surefire.booter.ProviderFactory$ProviderProxy.invoke(ProviderFactory.java:165)
	at org.apache.maven.surefire.booter.ProviderFactory.invokeProvider(ProviderFactory.java:85)
	at org.apache.maven.surefire.booter.ForkedBooter.runSuitesInProcess(ForkedBooter.java:115)
	at org.apache.maven.surefire.booter.ForkedBooter.main(ForkedBooter.java:75)
Caused by: java.lang.ClassNotFoundException: javax.servlet.http.HttpServletRequest
	at java.net.URLClassLoader.findClass(Unknown Source)
	at java.lang.ClassLoader.loadClass(Unknown Source)
	at sun.misc.Launcher$AppClassLoader.loadClass(Unknown Source)
	at java.lang.ClassLoader.loadClass(Unknown Source)
	... 55 more
</error>
    <system-out>[GRYF]2017-09-19 16:58:58,424 INFO [org.springframework.test.context.support.DefaultTestContextBootstrapper] - &lt;Loaded default TestExecutionListener class names from location [META-INF/spring.factories]: [org.springframework.test.context.web.ServletTestExecutionListener, org.springframework.test.context.support.DirtiesContextBeforeModesTestExecutionListener, org.springframework.test.context.support.DependencyInjectionTestExecutionListener, org.springframework.test.context.support.DirtiesContextTestExecutionListener, org.springframework.test.context.transaction.TransactionalTestExecutionListener, org.springframework.test.context.jdbc.SqlScriptsTestExecutionListener]&gt;
[GRYF]2017-09-19 16:58:58,427 INFO [org.springframework.test.context.support.DefaultTestContextBootstrapper] - &lt;Could not instantiate TestExecutionListener [org.springframework.test.context.web.ServletTestExecutionListener]. Specify custom listener classes or make the default listener classes (and their required dependencies) available. Offending class: [javax/servlet/ServletContext]&gt;
[GRYF]2017-09-19 16:58:58,438 INFO [org.springframework.test.context.support.DefaultTestContextBootstrapper] - &lt;Using TestExecutionListeners: [org.springframework.test.context.support.DirtiesContextBeforeModesTestExecutionListener@5ec0a365, org.springframework.test.context.support.DependencyInjectionTestExecutionListener@4fe3c938, org.springframework.test.context.support.DirtiesContextTestExecutionListener@5383967b, org.springframework.test.context.transaction.TransactionalTestExecutionListener@2ac273d3, org.springframework.test.context.jdbc.SqlScriptsTestExecutionListener@71423665]&gt;
[GRYF]2017-09-19 16:58:58,494 INFO [org.springframework.beans.factory.xml.XmlBeanDefinitionReader] - &lt;Loading XML bean definitions from class path resource [applicationContext.xml]&gt;
[GRYF]2017-09-19 16:58:58,643 INFO [org.springframework.beans.factory.xml.XmlBeanDefinitionReader] - &lt;Loading XML bean definitions from class path resource [spring-mybatis.xml]&gt;
[GRYF]2017-09-19 16:58:58,671 INFO [org.springframework.context.support.GenericApplicationContext] - &lt;Refreshing org.springframework.context.support.GenericApplicationContext@68bbe345: startup date [Tue Sep 19 16:58:58 CST 2017]; root of context hierarchy&gt;
[GRYF]2017-09-19 16:58:58,758 DEBUG [org.mybatis.spring.mapper.ClassPathMapperScanner] - &lt;Identified candidate component class: file [D:\workspace\wefun\target\classes\wefun\dao\mysql\CategoryDAO.class]&gt;
[GRYF]2017-09-19 16:58:58,758 DEBUG [org.mybatis.spring.mapper.ClassPathMapperScanner] - &lt;Identified candidate component class: file [D:\workspace\wefun\target\classes\wefun\dao\mysql\ContentDAO.class]&gt;
[GRYF]2017-09-19 16:58:58,758 DEBUG [org.mybatis.spring.mapper.ClassPathMapperScanner] - &lt;Identified candidate component class: file [D:\workspace\wefun\target\classes\wefun\dao\mysql\InformationDAO.class]&gt;
[GRYF]2017-09-19 16:58:58,759 DEBUG [org.mybatis.spring.mapper.ClassPathMapperScanner] - &lt;Identified candidate component class: file [D:\workspace\wefun\target\classes\wefun\dao\mysql\InviteCodeDAO.class]&gt;
[GRYF]2017-09-19 16:58:58,759 DEBUG [org.mybatis.spring.mapper.ClassPathMapperScanner] - &lt;Identified candidate component class: file [D:\workspace\wefun\target\classes\wefun\dao\mysql\PartnerDAO.class]&gt;
[GRYF]2017-09-19 16:58:58,759 DEBUG [org.mybatis.spring.mapper.ClassPathMapperScanner] - &lt;Identified candidate component class: file [D:\workspace\wefun\target\classes\wefun\dao\mysql\ResourceDAO.class]&gt;
[GRYF]2017-09-19 16:58:58,759 DEBUG [org.mybatis.spring.mapper.ClassPathMapperScanner] - &lt;Identified candidate component class: file [D:\workspace\wefun\target\classes\wefun\dao\mysql\TeamDAO.class]&gt;
[GRYF]2017-09-19 16:58:58,759 DEBUG [org.mybatis.spring.mapper.ClassPathMapperScanner] - &lt;Identified candidate component class: file [D:\workspace\wefun\target\classes\wefun\dao\mysql\UserDAO.class]&gt;
[GRYF]2017-09-19 16:58:58,760 DEBUG [org.mybatis.spring.mapper.ClassPathMapperScanner] - &lt;Creating MapperFactoryBean with name &apos;categoryDAO&apos; and &apos;wefun.dao.mysql.CategoryDAO&apos; mapperInterface&gt;
[GRYF]2017-09-19 16:58:58,760 DEBUG [org.mybatis.spring.mapper.ClassPathMapperScanner] - &lt;Creating MapperFactoryBean with name &apos;contentDAO&apos; and &apos;wefun.dao.mysql.ContentDAO&apos; mapperInterface&gt;
[GRYF]2017-09-19 16:58:58,761 DEBUG [org.mybatis.spring.mapper.ClassPathMapperScanner] - &lt;Creating MapperFactoryBean with name &apos;informationDAO&apos; and &apos;wefun.dao.mysql.InformationDAO&apos; mapperInterface&gt;
[GRYF]2017-09-19 16:58:58,761 DEBUG [org.mybatis.spring.mapper.ClassPathMapperScanner] - &lt;Creating MapperFactoryBean with name &apos;inviteCodeDAO&apos; and &apos;wefun.dao.mysql.InviteCodeDAO&apos; mapperInterface&gt;
[GRYF]2017-09-19 16:58:58,761 DEBUG [org.mybatis.spring.mapper.ClassPathMapperScanner] - &lt;Creating MapperFactoryBean with name &apos;partnerDAO&apos; and &apos;wefun.dao.mysql.PartnerDAO&apos; mapperInterface&gt;
[GRYF]2017-09-19 16:58:58,761 DEBUG [org.mybatis.spring.mapper.ClassPathMapperScanner] - &lt;Creating MapperFactoryBean with name &apos;resourceDAO&apos; and &apos;wefun.dao.mysql.ResourceDAO&apos; mapperInterface&gt;
[GRYF]2017-09-19 16:58:58,761 DEBUG [org.mybatis.spring.mapper.ClassPathMapperScanner] - &lt;Creating MapperFactoryBean with name &apos;teamDAO&apos; and &apos;wefun.dao.mysql.TeamDAO&apos; mapperInterface&gt;
[GRYF]2017-09-19 16:58:58,761 DEBUG [org.mybatis.spring.mapper.ClassPathMapperScanner] - &lt;Creating MapperFactoryBean with name &apos;userDAO&apos; and &apos;wefun.dao.mysql.UserDAO&apos; mapperInterface&gt;
[GRYF]2017-09-19 16:58:58,770 INFO [org.springframework.context.support.PropertySourcesPlaceholderConfigurer] - &lt;Loading properties file from class path resource [jdbc.properties]&gt;
[GRYF]2017-09-19 16:58:58,771 INFO [org.springframework.context.support.PropertySourcesPlaceholderConfigurer] - &lt;Loading properties file from class path resource [ali.properties]&gt;
[GRYF]2017-09-19 16:58:58,814 ERROR [org.springframework.test.context.TestContextManager] - &lt;Caught exception while allowing TestExecutionListener [org.springframework.test.context.support.DependencyInjectionTestExecutionListener@4fe3c938] to prepare test instance [wefun.CategoryDAOTest@11bd0f3b]&gt;
java.lang.NoClassDefFoundError: javax/servlet/http/HttpServletRequest
	at java.lang.Class.getDeclaredMethods0(Native Method)
	at java.lang.Class.privateGetDeclaredMethods(Unknown Source)
	at java.lang.Class.getDeclaredMethods(Unknown Source)
	at org.springframework.util.ReflectionUtils.getDeclaredMethods(ReflectionUtils.java:612)
	at org.springframework.util.ReflectionUtils.doWithMethods(ReflectionUtils.java:524)
	at org.springframework.util.ReflectionUtils.doWithMethods(ReflectionUtils.java:510)
	at org.springframework.beans.factory.annotation.AutowiredAnnotationBeanPostProcessor.determineCandidateConstructors(AutowiredAnnotationBeanPostProcessor.java:243)
	at org.springframework.beans.factory.support.AbstractAutowireCapableBeanFactory.determineConstructorsFromBeanPostProcessors(AbstractAutowireCapableBeanFactory.java:1074)
	at org.springframework.beans.factory.support.AbstractAutowireCapableBeanFactory.createBeanInstance(AbstractAutowireCapableBeanFactory.java:1047)
	at org.springframework.beans.factory.support.AbstractAutowireCapableBeanFactory.doCreateBean(AbstractAutowireCapableBeanFactory.java:510)
	at org.springframework.beans.factory.support.AbstractAutowireCapableBeanFactory.createBean(AbstractAutowireCapableBeanFactory.java:482)
	at org.springframework.beans.factory.support.AbstractBeanFactory$1.getObject(AbstractBeanFactory.java:306)
	at org.springframework.beans.factory.support.DefaultSingletonBeanRegistry.getSingleton(DefaultSingletonBeanRegistry.java:230)
	at org.springframework.beans.factory.support.AbstractBeanFactory.doGetBean(AbstractBeanFactory.java:302)
	at org.springframework.beans.factory.support.AbstractBeanFactory.getBean(AbstractBeanFactory.java:197)
	at org.springframework.beans.factory.support.DefaultListableBeanFactory.preInstantiateSingletons(DefaultListableBeanFactory.java:751)
	at org.springframework.context.support.AbstractApplicationContext.finishBeanFactoryInitialization(AbstractApplicationContext.java:861)
	at org.springframework.context.support.AbstractApplicationContext.refresh(AbstractApplicationContext.java:541)
	at org.springframework.test.context.support.AbstractGenericContextLoader.loadContext(AbstractGenericContextLoader.java:128)
	at org.springframework.test.context.support.AbstractGenericContextLoader.loadContext(AbstractGenericContextLoader.java:60)
	at org.springframework.test.context.support.AbstractDelegatingSmartContextLoader.delegateLoading(AbstractDelegatingSmartContextLoader.java:108)
	at org.springframework.test.context.support.AbstractDelegatingSmartContextLoader.loadContext(AbstractDelegatingSmartContextLoader.java:251)
	at org.springframework.test.context.cache.DefaultCacheAwareContextLoaderDelegate.loadContextInternal(DefaultCacheAwareContextLoaderDelegate.java:98)
	at org.springframework.test.context.cache.DefaultCacheAwareContextLoaderDelegate.loadContext(DefaultCacheAwareContextLoaderDelegate.java:116)
	at org.springframework.test.context.support.DefaultTestContext.getApplicationContext(DefaultTestContext.java:83)
	at org.springframework.test.context.support.DependencyInjectionTestExecutionListener.injectDependencies(DependencyInjectionTestExecutionListener.java:117)
	at org.springframework.test.context.support.DependencyInjectionTestExecutionListener.prepareTestInstance(DependencyInjectionTestExecutionListener.java:83)
	at org.springframework.test.context.TestContextManager.prepareTestInstance(TestContextManager.java:230)
	at org.springframework.test.context.junit4.SpringJUnit4ClassRunner.createTest(SpringJUnit4ClassRunner.java:228)
	at org.springframework.test.context.junit4.SpringJUnit4ClassRunner$1.runReflectiveCall(SpringJUnit4ClassRunner.java:287)
	at org.junit.internal.runners.model.ReflectiveCallable.run(ReflectiveCallable.java:12)
	at org.springframework.test.context.junit4.SpringJUnit4ClassRunner.methodBlock(SpringJUnit4ClassRunner.java:289)
	at org.springframework.test.context.junit4.SpringJUnit4ClassRunner.runChild(SpringJUnit4ClassRunner.java:247)
	at org.springframework.test.context.junit4.SpringJUnit4ClassRunner.runChild(SpringJUnit4ClassRunner.java:94)
	at org.junit.runners.ParentRunner$3.run(ParentRunner.java:290)
	at org.junit.runners.ParentRunner$1.schedule(ParentRunner.java:71)
	at org.junit.runners.ParentRunner.runChildren(ParentRunner.java:288)
	at org.junit.runners.ParentRunner.access$000(ParentRunner.java:58)
	at org.junit.runners.ParentRunner$2.evaluate(ParentRunner.java:268)
	at org.springframework.test.context.junit4.statements.RunBeforeTestClassCallbacks.evaluate(RunBeforeTestClassCallbacks.java:61)
	at org.springframework.test.context.junit4.statements.RunAfterTestClassCallbacks.evaluate(RunAfterTestClassCallbacks.java:70)
	at org.junit.runners.ParentRunner.run(ParentRunner.java:363)
	at org.springframework.test.context.junit4.SpringJUnit4ClassRunner.run(SpringJUnit4ClassRunner.java:191)
	at org.apache.maven.surefire.junit4.JUnit4Provider.execute(JUnit4Provider.java:252)
	at org.apache.maven.surefire.junit4.JUnit4Provider.executeTestSet(JUnit4Provider.java:141)
	at org.apache.maven.surefire.junit4.JUnit4Provider.invoke(JUnit4Provider.java:112)
	at sun.reflect.NativeMethodAccessorImpl.invoke0(Native Method)
	at sun.reflect.NativeMethodAccessorImpl.invoke(Unknown Source)
	at sun.reflect.DelegatingMethodAccessorImpl.invoke(Unknown Source)
	at java.lang.reflect.Method.invoke(Unknown Source)
	at org.apache.maven.surefire.util.ReflectionUtils.invokeMethodWithArray(ReflectionUtils.java:189)
	at org.apache.maven.surefire.booter.ProviderFactory$ProviderProxy.invoke(ProviderFactory.java:165)
	at org.apache.maven.surefire.booter.ProviderFactory.invokeProvider(ProviderFactory.java:85)
	at org.apache.maven.surefire.booter.ForkedBooter.runSuitesInProcess(ForkedBooter.java:115)
	at org.apache.maven.surefire.booter.ForkedBooter.main(ForkedBooter.java:75)
Caused by: java.lang.ClassNotFoundException: javax.servlet.http.HttpServletRequest
	at java.net.URLClassLoader.findClass(Unknown Source)
	at java.lang.ClassLoader.loadClass(Unknown Source)
	at sun.misc.Launcher$AppClassLoader.loadClass(Unknown Source)
	at java.lang.ClassLoader.loadClass(Unknown Source)
	... 55 more
</system-out>
  </testcase>
  <testcase classname="wefun.CategoryDAOTest" name="test1" time="0.001">
    <error message="javax/servlet/http/HttpServletRequest" type="java.lang.NoClassDefFoundError">java.lang.NoClassDefFoundError: javax/servlet/http/HttpServletRequest
	at java.lang.Class.getDeclaredMethods0(Native Method)
	at java.lang.Class.privateGetDeclaredMethods(Unknown Source)
	at java.lang.Class.getDeclaredMethods(Unknown Source)
	at org.springframework.util.ReflectionUtils.getDeclaredMethods(ReflectionUtils.java:612)
	at org.springframework.util.ReflectionUtils.doWithMethods(ReflectionUtils.java:524)
	at org.springframework.util.ReflectionUtils.doWithMethods(ReflectionUtils.java:510)
	at org.springframework.beans.factory.annotation.AutowiredAnnotationBeanPostProcessor.determineCandidateConstructors(AutowiredAnnotationBeanPostProcessor.java:243)
	at org.springframework.beans.factory.support.AbstractAutowireCapableBeanFactory.determineConstructorsFromBeanPostProcessors(AbstractAutowireCapableBeanFactory.java:1074)
	at org.springframework.beans.factory.support.AbstractAutowireCapableBeanFactory.createBeanInstance(AbstractAutowireCapableBeanFactory.java:1047)
	at org.springframework.beans.factory.support.AbstractAutowireCapableBeanFactory.doCreateBean(AbstractAutowireCapableBeanFactory.java:510)
	at org.springframework.beans.factory.support.AbstractAutowireCapableBeanFactory.createBean(AbstractAutowireCapableBeanFactory.java:482)
	at org.springframework.beans.factory.support.AbstractBeanFactory$1.getObject(AbstractBeanFactory.java:306)
	at org.springframework.beans.factory.support.DefaultSingletonBeanRegistry.getSingleton(DefaultSingletonBeanRegistry.java:230)
	at org.springframework.beans.factory.support.AbstractBeanFactory.doGetBean(AbstractBeanFactory.java:302)
	at org.springframework.beans.factory.support.AbstractBeanFactory.getBean(AbstractBeanFactory.java:197)
	at org.springframework.beans.factory.support.DefaultListableBeanFactory.preInstantiateSingletons(DefaultListableBeanFactory.java:751)
	at org.springframework.context.support.AbstractApplicationContext.finishBeanFactoryInitialization(AbstractApplicationContext.java:861)
	at org.springframework.context.support.AbstractApplicationContext.refresh(AbstractApplicationContext.java:541)
	at org.springframework.test.context.support.AbstractGenericContextLoader.loadContext(AbstractGenericContextLoader.java:128)
	at org.springframework.test.context.support.AbstractGenericContextLoader.loadContext(AbstractGenericContextLoader.java:60)
	at org.springframework.test.context.support.AbstractDelegatingSmartContextLoader.delegateLoading(AbstractDelegatingSmartContextLoader.java:108)
	at org.springframework.test.context.support.AbstractDelegatingSmartContextLoader.loadContext(AbstractDelegatingSmartContextLoader.java:251)
	at org.springframework.test.context.cache.DefaultCacheAwareContextLoaderDelegate.loadContextInternal(DefaultCacheAwareContextLoaderDelegate.java:98)
	at org.springframework.test.context.cache.DefaultCacheAwareContextLoaderDelegate.loadContext(DefaultCacheAwareContextLoaderDelegate.java:116)
	at org.springframework.test.context.support.DefaultTestContext.getApplicationContext(DefaultTestContext.java:83)
	at org.springframework.test.context.support.DependencyInjectionTestExecutionListener.injectDependencies(DependencyInjectionTestExecutionListener.java:117)
	at org.springframework.test.context.support.DependencyInjectionTestExecutionListener.prepareTestInstance(DependencyInjectionTestExecutionListener.java:83)
	at org.springframework.test.context.TestContextManager.prepareTestInstance(TestContextManager.java:230)
	at org.springframework.test.context.junit4.SpringJUnit4ClassRunner.createTest(SpringJUnit4ClassRunner.java:228)
	at org.springframework.test.context.junit4.SpringJUnit4ClassRunner$1.runReflectiveCall(SpringJUnit4ClassRunner.java:287)
	at org.junit.internal.runners.model.ReflectiveCallable.run(ReflectiveCallable.java:12)
	at org.springframework.test.context.junit4.SpringJUnit4ClassRunner.methodBlock(SpringJUnit4ClassRunner.java:289)
	at org.springframework.test.context.junit4.SpringJUnit4ClassRunner.runChild(SpringJUnit4ClassRunner.java:247)
	at org.springframework.test.context.junit4.SpringJUnit4ClassRunner.runChild(SpringJUnit4ClassRunner.java:94)
	at org.junit.runners.ParentRunner$3.run(ParentRunner.java:290)
	at org.junit.runners.ParentRunner$1.schedule(ParentRunner.java:71)
	at org.junit.runners.ParentRunner.runChildren(ParentRunner.java:288)
	at org.junit.runners.ParentRunner.access$000(ParentRunner.java:58)
	at org.junit.runners.ParentRunner$2.evaluate(ParentRunner.java:268)
	at org.springframework.test.context.junit4.statements.RunBeforeTestClassCallbacks.evaluate(RunBeforeTestClassCallbacks.java:61)
	at org.springframework.test.context.junit4.statements.RunAfterTestClassCallbacks.evaluate(RunAfterTestClassCallbacks.java:70)
	at org.junit.runners.ParentRunner.run(ParentRunner.java:363)
	at org.springframework.test.context.junit4.SpringJUnit4ClassRunner.run(SpringJUnit4ClassRunner.java:191)
	at org.apache.maven.surefire.junit4.JUnit4Provider.execute(JUnit4Provider.java:252)
	at org.apache.maven.surefire.junit4.JUnit4Provider.executeTestSet(JUnit4Provider.java:141)
	at org.apache.maven.surefire.junit4.JUnit4Provider.invoke(JUnit4Provider.java:112)
	at sun.reflect.NativeMethodAccessorImpl.invoke0(Native Method)
	at sun.reflect.NativeMethodAccessorImpl.invoke(Unknown Source)
	at sun.reflect.DelegatingMethodAccessorImpl.invoke(Unknown Source)
	at java.lang.reflect.Method.invoke(Unknown Source)
	at org.apache.maven.surefire.util.ReflectionUtils.invokeMethodWithArray(ReflectionUtils.java:189)
	at org.apache.maven.surefire.booter.ProviderFactory$ProviderProxy.invoke(ProviderFactory.java:165)
	at org.apache.maven.surefire.booter.ProviderFactory.invokeProvider(ProviderFactory.java:85)
	at org.apache.maven.surefire.booter.ForkedBooter.runSuitesInProcess(ForkedBooter.java:115)
	at org.apache.maven.surefire.booter.ForkedBooter.main(ForkedBooter.java:75)
Caused by: java.lang.ClassNotFoundException: javax.servlet.http.HttpServletRequest
	at java.net.URLClassLoader.findClass(Unknown Source)
	at java.lang.ClassLoader.loadClass(Unknown Source)
	at sun.misc.Launcher$AppClassLoader.loadClass(Unknown Source)
	at java.lang.ClassLoader.loadClass(Unknown Source)
	... 55 more
</error>
    <system-out>[GRYF]2017-09-19 16:58:58,819 INFO [org.springframework.beans.factory.xml.XmlBeanDefinitionReader] - &lt;Loading XML bean definitions from class path resource [applicationContext.xml]&gt;
[GRYF]2017-09-19 16:58:58,854 INFO [org.springframework.beans.factory.xml.XmlBeanDefinitionReader] - &lt;Loading XML bean definitions from class path resource [spring-mybatis.xml]&gt;
[GRYF]2017-09-19 16:58:58,870 INFO [org.springframework.context.support.GenericApplicationContext] - &lt;Refreshing org.springframework.context.support.GenericApplicationContext@2f8dad04: startup date [Tue Sep 19 16:58:58 CST 2017]; root of context hierarchy&gt;
[GRYF]2017-09-19 16:58:58,893 DEBUG [org.mybatis.spring.mapper.ClassPathMapperScanner] - &lt;Identified candidate component class: file [D:\workspace\wefun\target\classes\wefun\dao\mysql\CategoryDAO.class]&gt;
[GRYF]2017-09-19 16:58:58,894 DEBUG [org.mybatis.spring.mapper.ClassPathMapperScanner] - &lt;Identified candidate component class: file [D:\workspace\wefun\target\classes\wefun\dao\mysql\ContentDAO.class]&gt;
[GRYF]2017-09-19 16:58:58,894 DEBUG [org.mybatis.spring.mapper.ClassPathMapperScanner] - &lt;Identified candidate component class: file [D:\workspace\wefun\target\classes\wefun\dao\mysql\InformationDAO.class]&gt;
[GRYF]2017-09-19 16:58:58,894 DEBUG [org.mybatis.spring.mapper.ClassPathMapperScanner] - &lt;Identified candidate component class: file [D:\workspace\wefun\target\classes\wefun\dao\mysql\InviteCodeDAO.class]&gt;
[GRYF]2017-09-19 16:58:58,894 DEBUG [org.mybatis.spring.mapper.ClassPathMapperScanner] - &lt;Identified candidate component class: file [D:\workspace\wefun\target\classes\wefun\dao\mysql\PartnerDAO.class]&gt;
[GRYF]2017-09-19 16:58:58,894 DEBUG [org.mybatis.spring.mapper.ClassPathMapperScanner] - &lt;Identified candidate component class: file [D:\workspace\wefun\target\classes\wefun\dao\mysql\ResourceDAO.class]&gt;
[GRYF]2017-09-19 16:58:58,895 DEBUG [org.mybatis.spring.mapper.ClassPathMapperScanner] - &lt;Identified candidate component class: file [D:\workspace\wefun\target\classes\wefun\dao\mysql\TeamDAO.class]&gt;
[GRYF]2017-09-19 16:58:58,895 DEBUG [org.mybatis.spring.mapper.ClassPathMapperScanner] - &lt;Identified candidate component class: file [D:\workspace\wefun\target\classes\wefun\dao\mysql\UserDAO.class]&gt;
[GRYF]2017-09-19 16:58:58,895 DEBUG [org.mybatis.spring.mapper.ClassPathMapperScanner] - &lt;Creating MapperFactoryBean with name &apos;categoryDAO&apos; and &apos;wefun.dao.mysql.CategoryDAO&apos; mapperInterface&gt;
[GRYF]2017-09-19 16:58:58,895 DEBUG [org.mybatis.spring.mapper.ClassPathMapperScanner] - &lt;Creating MapperFactoryBean with name &apos;contentDAO&apos; and &apos;wefun.dao.mysql.ContentDAO&apos; mapperInterface&gt;
[GRYF]2017-09-19 16:58:58,895 DEBUG [org.mybatis.spring.mapper.ClassPathMapperScanner] - &lt;Creating MapperFactoryBean with name &apos;informationDAO&apos; and &apos;wefun.dao.mysql.InformationDAO&apos; mapperInterface&gt;
[GRYF]2017-09-19 16:58:58,895 DEBUG [org.mybatis.spring.mapper.ClassPathMapperScanner] - &lt;Creating MapperFactoryBean with name &apos;inviteCodeDAO&apos; and &apos;wefun.dao.mysql.InviteCodeDAO&apos; mapperInterface&gt;
[GRYF]2017-09-19 16:58:58,895 DEBUG [org.mybatis.spring.mapper.ClassPathMapperScanner] - &lt;Creating MapperFactoryBean with name &apos;partnerDAO&apos; and &apos;wefun.dao.mysql.PartnerDAO&apos; mapperInterface&gt;
[GRYF]2017-09-19 16:58:58,895 DEBUG [org.mybatis.spring.mapper.ClassPathMapperScanner] - &lt;Creating MapperFactoryBean with name &apos;resourceDAO&apos; and &apos;wefun.dao.mysql.ResourceDAO&apos; mapperInterface&gt;
[GRYF]2017-09-19 16:58:58,896 DEBUG [org.mybatis.spring.mapper.ClassPathMapperScanner] - &lt;Creating MapperFactoryBean with name &apos;teamDAO&apos; and &apos;wefun.dao.mysql.TeamDAO&apos; mapperInterface&gt;
[GRYF]2017-09-19 16:58:58,896 DEBUG [org.mybatis.spring.mapper.ClassPathMapperScanner] - &lt;Creating MapperFactoryBean with name &apos;userDAO&apos; and &apos;wefun.dao.mysql.UserDAO&apos; mapperInterface&gt;
[GRYF]2017-09-19 16:58:58,900 INFO [org.springframework.context.support.PropertySourcesPlaceholderConfigurer] - &lt;Loading properties file from class path resource [jdbc.properties]&gt;
[GRYF]2017-09-19 16:58:58,900 INFO [org.springframework.context.support.PropertySourcesPlaceholderConfigurer] - &lt;Loading properties file from class path resource [ali.properties]&gt;
[GRYF]2017-09-19 16:58:58,911 ERROR [org.springframework.test.context.TestContextManager] - &lt;Caught exception while allowing TestExecutionListener [org.springframework.test.context.support.DependencyInjectionTestExecutionListener@4fe3c938] to prepare test instance [wefun.CategoryDAOTest@66f57048]&gt;
java.lang.NoClassDefFoundError: javax/servlet/http/HttpServletRequest
	at java.lang.Class.getDeclaredMethods0(Native Method)
	at java.lang.Class.privateGetDeclaredMethods(Unknown Source)
	at java.lang.Class.getDeclaredMethods(Unknown Source)
	at org.springframework.util.ReflectionUtils.getDeclaredMethods(ReflectionUtils.java:612)
	at org.springframework.util.ReflectionUtils.doWithMethods(ReflectionUtils.java:524)
	at org.springframework.util.ReflectionUtils.doWithMethods(ReflectionUtils.java:510)
	at org.springframework.beans.factory.annotation.AutowiredAnnotationBeanPostProcessor.determineCandidateConstructors(AutowiredAnnotationBeanPostProcessor.java:243)
	at org.springframework.beans.factory.support.AbstractAutowireCapableBeanFactory.determineConstructorsFromBeanPostProcessors(AbstractAutowireCapableBeanFactory.java:1074)
	at org.springframework.beans.factory.support.AbstractAutowireCapableBeanFactory.createBeanInstance(AbstractAutowireCapableBeanFactory.java:1047)
	at org.springframework.beans.factory.support.AbstractAutowireCapableBeanFactory.doCreateBean(AbstractAutowireCapableBeanFactory.java:510)
	at org.springframework.beans.factory.support.AbstractAutowireCapableBeanFactory.createBean(AbstractAutowireCapableBeanFactory.java:482)
	at org.springframework.beans.factory.support.AbstractBeanFactory$1.getObject(AbstractBeanFactory.java:306)
	at org.springframework.beans.factory.support.DefaultSingletonBeanRegistry.getSingleton(DefaultSingletonBeanRegistry.java:230)
	at org.springframework.beans.factory.support.AbstractBeanFactory.doGetBean(AbstractBeanFactory.java:302)
	at org.springframework.beans.factory.support.AbstractBeanFactory.getBean(AbstractBeanFactory.java:197)
	at org.springframework.beans.factory.support.DefaultListableBeanFactory.preInstantiateSingletons(DefaultListableBeanFactory.java:751)
	at org.springframework.context.support.AbstractApplicationContext.finishBeanFactoryInitialization(AbstractApplicationContext.java:861)
	at org.springframework.context.support.AbstractApplicationContext.refresh(AbstractApplicationContext.java:541)
	at org.springframework.test.context.support.AbstractGenericContextLoader.loadContext(AbstractGenericContextLoader.java:128)
	at org.springframework.test.context.support.AbstractGenericContextLoader.loadContext(AbstractGenericContextLoader.java:60)
	at org.springframework.test.context.support.AbstractDelegatingSmartContextLoader.delegateLoading(AbstractDelegatingSmartContextLoader.java:108)
	at org.springframework.test.context.support.AbstractDelegatingSmartContextLoader.loadContext(AbstractDelegatingSmartContextLoader.java:251)
	at org.springframework.test.context.cache.DefaultCacheAwareContextLoaderDelegate.loadContextInternal(DefaultCacheAwareContextLoaderDelegate.java:98)
	at org.springframework.test.context.cache.DefaultCacheAwareContextLoaderDelegate.loadContext(DefaultCacheAwareContextLoaderDelegate.java:116)
	at org.springframework.test.context.support.DefaultTestContext.getApplicationContext(DefaultTestContext.java:83)
	at org.springframework.test.context.support.DependencyInjectionTestExecutionListener.injectDependencies(DependencyInjectionTestExecutionListener.java:117)
	at org.springframework.test.context.support.DependencyInjectionTestExecutionListener.prepareTestInstance(DependencyInjectionTestExecutionListener.java:83)
	at org.springframework.test.context.TestContextManager.prepareTestInstance(TestContextManager.java:230)
	at org.springframework.test.context.junit4.SpringJUnit4ClassRunner.createTest(SpringJUnit4ClassRunner.java:228)
	at org.springframework.test.context.junit4.SpringJUnit4ClassRunner$1.runReflectiveCall(SpringJUnit4ClassRunner.java:287)
	at org.junit.internal.runners.model.ReflectiveCallable.run(ReflectiveCallable.java:12)
	at org.springframework.test.context.junit4.SpringJUnit4ClassRunner.methodBlock(SpringJUnit4ClassRunner.java:289)
	at org.springframework.test.context.junit4.SpringJUnit4ClassRunner.runChild(SpringJUnit4ClassRunner.java:247)
	at org.springframework.test.context.junit4.SpringJUnit4ClassRunner.runChild(SpringJUnit4ClassRunner.java:94)
	at org.junit.runners.ParentRunner$3.run(ParentRunner.java:290)
	at org.junit.runners.ParentRunner$1.schedule(ParentRunner.java:71)
	at org.junit.runners.ParentRunner.runChildren(ParentRunner.java:288)
	at org.junit.runners.ParentRunner.access$000(ParentRunner.java:58)
	at org.junit.runners.ParentRunner$2.evaluate(ParentRunner.java:268)
	at org.springframework.test.context.junit4.statements.RunBeforeTestClassCallbacks.evaluate(RunBeforeTestClassCallbacks.java:61)
	at org.springframework.test.context.junit4.statements.RunAfterTestClassCallbacks.evaluate(RunAfterTestClassCallbacks.java:70)
	at org.junit.runners.ParentRunner.run(ParentRunner.java:363)
	at org.springframework.test.context.junit4.SpringJUnit4ClassRunner.run(SpringJUnit4ClassRunner.java:191)
	at org.apache.maven.surefire.junit4.JUnit4Provider.execute(JUnit4Provider.java:252)
	at org.apache.maven.surefire.junit4.JUnit4Provider.executeTestSet(JUnit4Provider.java:141)
	at org.apache.maven.surefire.junit4.JUnit4Provider.invoke(JUnit4Provider.java:112)
	at sun.reflect.NativeMethodAccessorImpl.invoke0(Native Method)
	at sun.reflect.NativeMethodAccessorImpl.invoke(Unknown Source)
	at sun.reflect.DelegatingMethodAccessorImpl.invoke(Unknown Source)
	at java.lang.reflect.Method.invoke(Unknown Source)
	at org.apache.maven.surefire.util.ReflectionUtils.invokeMethodWithArray(ReflectionUtils.java:189)
	at org.apache.maven.surefire.booter.ProviderFactory$ProviderProxy.invoke(ProviderFactory.java:165)
	at org.apache.maven.surefire.booter.ProviderFactory.invokeProvider(ProviderFactory.java:85)
	at org.apache.maven.surefire.booter.ForkedBooter.runSuitesInProcess(ForkedBooter.java:115)
	at org.apache.maven.surefire.booter.ForkedBooter.main(ForkedBooter.java:75)
Caused by: java.lang.ClassNotFoundException: javax.servlet.http.HttpServletRequest
	at java.net.URLClassLoader.findClass(Unknown Source)
	at java.lang.ClassLoader.loadClass(Unknown Source)
	at sun.misc.Launcher$AppClassLoader.loadClass(Unknown Source)
	at java.lang.ClassLoader.loadClass(Unknown Source)
	... 55 more
</system-out>
  </testcase>
</testsuite>